[03:29:15] [ServerMain/INFO]: Environment: authHost='https://authserver.mojang.com', accountsHost='https://api.mojang.com', sessionHost='https://sessionserver.mojang.com', servicesHost='https://api.minecraftservices.com', name='PROD'
[03:29:48] [ServerMain/WARN]: Ambiguity between arguments [teleport, location] and [teleport, destination] with inputs: [0.1 -0.5 .9, 0 0 0]
[03:29:48] [ServerMain/WARN]: Ambiguity between arguments [teleport, location] and [teleport, targets] with inputs: [0.1 -0.5 .9, 0 0 0]
[03:29:48] [ServerMain/WARN]: Ambiguity between arguments [teleport, destination] and [teleport, targets] with inputs: [Player, 0123, @e, dd12be42-52a9-4a91-a8a1-11c01849e498]
[03:29:48] [ServerMain/WARN]: Ambiguity between arguments [teleport, targets] and [teleport, destination] with inputs: [Player, 0123, dd12be42-52a9-4a91-a8a1-11c01849e498]
[03:29:48] [ServerMain/WARN]: Ambiguity between arguments [teleport, targets, location] and [teleport, targets, destination] with inputs: [0.1 -0.5 .9, 0 0 0]
[03:29:49] [Worker-Main-64/INFO]: Loaded 7 recipes
[03:29:49] [Worker-Main-64/INFO]: Loaded 1141 advancements
[03:29:51] [Server thread/INFO]: Starting minecraft server version 1.18.2
[03:29:51] [Server thread/INFO]: Loading properties
[03:29:51] [Server thread/INFO]: Default game type: SURVIVAL
[03:29:51] [Server thread/INFO]: Generating keypair
[03:29:51] [Server thread/INFO]: Starting Minecraft server on 0.0.0.0:25565
[03:29:51] [Server thread/INFO]: Using epoll channel type
[03:29:51] [Server thread/INFO]: Preparing level "world"
[03:29:51] [Server thread/INFO]: Preparing start region for dimension minecraft:overworld
[03:29:52] [Worker-Main-75/INFO]: Preparing spawn area: 0%
[03:29:52] [Worker-Main-71/INFO]: Preparing spawn area: 0%
[03:29:52] [Worker-Main-73/INFO]: Preparing spawn area: 0%
[03:29:53] [Worker-Main-68/INFO]: Preparing spawn area: 0%
[03:29:53] [Worker-Main-67/INFO]: Preparing spawn area: 0%
[03:29:54] [Worker-Main-67/INFO]: Preparing spawn area: 0%
[03:29:54] [Worker-Main-73/INFO]: Preparing spawn area: 0%
[03:29:55] [Worker-Main-74/INFO]: Preparing spawn area: 1%
[03:29:55] [Worker-Main-68/INFO]: Preparing spawn area: 1%
[03:29:56] [Worker-Main-75/INFO]: Preparing spawn area: 3%
[03:29:56] [Worker-Main-75/INFO]: Preparing spawn area: 14%
[03:29:57] [Worker-Main-73/INFO]: Preparing spawn area: 23%
[03:29:57] [Worker-Main-66/INFO]: Preparing spawn area: 62%
[03:29:58] [Server thread/INFO]: Time elapsed: 6867 ms
[03:29:58] [Server thread/INFO]: Done (7.000s)! For help, type "help"
[03:29:58] [Server thread/INFO]: Starting GS4 status listener
[03:29:58] [Server thread/INFO]: Thread Query Listener started
[03:29:58] [Query Listener #1/INFO]: Query running on 0.0.0.0:25565
[03:30:14] [Server thread/WARN]: handleDisconnection() called twice
